file /home/andre/uni/gem5/gem5/build/X86/ext/systemc/SConscript,line 41:
	Configure(confdir = build/X86/ext/systemc/.scons_config)
scons: Configure: Checking whether __i386__ is declared... 
scons: Configure: "build/X86/ext/systemc/.scons_config/conftest_35422207c1ff9f87810e3f3cf05741b3_0.c" is up to date.
scons: Configure: The original builder output was:
  |build/X86/ext/systemc/.scons_config/conftest_35422207c1ff9f87810e3f3cf05741b3_0.c <-
  |  |
  |  |int main(void)
  |  |{
  |  |#ifndef __i386__
  |  |    (void) __i386__;
  |  |#endif
  |  |    ;
  |  |    return 0;
  |  |}
  |  |
  |
scons: Configure: Building "build/X86/ext/systemc/.scons_config/conftest_35422207c1ff9f87810e3f3cf05741b3_0_7bc97d129d6208b8d2ea9aff96ba5bd9.o" failed in a previous run and all its sources are up to date.
scons: Configure: The original builder output was:
  |[m [      CC] [33mX86/ext/systemc/.scons_config/conftest_35422207c1ff9f87810e3f3cf05741b3_0[33m[1m.c[34m[1m -> [33m[1m_7bc97d129d6208b8d2ea9aff96ba5bd9.o(B[m
  |
scons: Configure: (cached) no

scons: Configure: Checking whether __x86_64__ is declared... 
scons: Configure: "build/X86/ext/systemc/.scons_config/conftest_fc5c667aeab98cc869c22ec2d558eb9d_0.c" is up to date.
scons: Configure: The original builder output was:
  |build/X86/ext/systemc/.scons_config/conftest_fc5c667aeab98cc869c22ec2d558eb9d_0.c <-
  |  |
  |  |int main(void)
  |  |{
  |  |#ifndef __x86_64__
  |  |    (void) __x86_64__;
  |  |#endif
  |  |    ;
  |  |    return 0;
  |  |}
  |  |
  |
scons: Configure: "build/X86/ext/systemc/.scons_config/conftest_fc5c667aeab98cc869c22ec2d558eb9d_0_5ed1bd09ee8bb91c2a734ac2596b1a24.o" is up to date.
scons: Configure: The original builder output was:
  |[m [      CC] [33mX86/ext/systemc/.scons_config/conftest_fc5c667aeab98cc869c22ec2d558eb9d_0[33m[1m.c[34m[1m -> [33m[1m_5ed1bd09ee8bb91c2a734ac2596b1a24.o(B[m
  |
scons: Configure: (cached) yes


