file /home/andre/uni/gem5/gem5/site_scons/gem5_scons/configure.py,line 158:
	Configure(confdir = build/X86/gem5.build/scons_config)
scons: Configure: Checking for linker -Wl,--as-needed support... 
scons: Configure: "build/X86/gem5.build/scons_config/conftest_da935ab7a2c376c10f2ce1130ab88c51_0.cc" is up to date.
scons: Configure: The original builder output was:
  |build/X86/gem5.build/scons_config/conftest_da935ab7a2c376c10f2ce1130ab88c51_0.cc <-
  |  |int main(int, char *[]) { return 0; }
  |
scons: Configure: "build/X86/gem5.build/scons_config/conftest_da935ab7a2c376c10f2ce1130ab88c51_0.o" is up to date.
scons: Configure: The original builder output was:
  |[m [     CXX] [33mX86/gem5.build/scons_config/conftest_da935ab7a2c376c10f2ce1130ab88c51_0[33m[1m.cc[34m[1m -> [33m[1m.o(B[m
  |
scons: Configure: "build/X86/gem5.build/scons_config/conftest_da935ab7a2c376c10f2ce1130ab88c51_0_a99c4d31ee340b3b628d4db8961d3f04" is up to date.
scons: Configure: The original builder output was:
  |[m [    LINK] [33m[33m[1m[34m[1m -> [33m[1mX86/gem5.build/scons_config/conftest_da935ab7a2c376c10f2ce1130ab88c51_0_a99c4d31ee340b3b628d4db8961d3f04[m
  |
scons: Configure: (cached) yes


file /home/andre/uni/gem5/gem5/site_scons/gem5_scons/configure.py,line 158:
	Configure(confdir = build/X86/gem5.build/scons_config)
scons: Configure: Checking for compiler -Wno-free-nonheap-object support... 
scons: Configure: "build/X86/gem5.build/scons_config/conftest_342d5457cbf4639ef3e0d4fb7b8ef89b_0.cc" is up to date.
scons: Configure: The original builder output was:
  |build/X86/gem5.build/scons_config/conftest_342d5457cbf4639ef3e0d4fb7b8ef89b_0.cc <-
  |  |// CheckCxxFlag DO NOTHING
  |
scons: Configure: "build/X86/gem5.build/scons_config/conftest_342d5457cbf4639ef3e0d4fb7b8ef89b_0_19b9833df9197c1c1d39dac0d0dd9324.o" is up to date.
scons: Configure: The original builder output was:
  |[m [     CXX] [33mX86/gem5.build/scons_config/conftest_342d5457cbf4639ef3e0d4fb7b8ef89b_0[33m[1m.cc[34m[1m -> [33m[1m_19b9833df9197c1c1d39dac0d0dd9324.o(B[m
  |
scons: Configure: (cached) yes


file /home/andre/uni/gem5/gem5/site_scons/gem5_scons/configure.py,line 158:
	Configure(confdir = build/X86/gem5.build/scons_config)
scons: Configure: Checking for compiler -gz support... 
scons: Configure: "build/X86/gem5.build/scons_config/conftest_342d5457cbf4639ef3e0d4fb7b8ef89b_1.cc" is up to date.
scons: Configure: The original builder output was:
  |build/X86/gem5.build/scons_config/conftest_342d5457cbf4639ef3e0d4fb7b8ef89b_1.cc <-
  |  |// CheckCxxFlag DO NOTHING
  |
scons: Configure: "build/X86/gem5.build/scons_config/conftest_342d5457cbf4639ef3e0d4fb7b8ef89b_1_37c5edba69f9971b2b797d4dee13ec62.o" is up to date.
scons: Configure: The original builder output was:
  |[m [     CXX] [33mX86/gem5.build/scons_config/conftest_342d5457cbf4639ef3e0d4fb7b8ef89b_1[33m[1m.cc[34m[1m -> [33m[1m_37c5edba69f9971b2b797d4dee13ec62.o(B[m
  |
scons: Configure: (cached) yes

scons: Configure: Checking for linker -gz support... 
scons: Configure: "build/X86/gem5.build/scons_config/conftest_da935ab7a2c376c10f2ce1130ab88c51_1.cc" is up to date.
scons: Configure: The original builder output was:
  |build/X86/gem5.build/scons_config/conftest_da935ab7a2c376c10f2ce1130ab88c51_1.cc <-
  |  |int main(int, char *[]) { return 0; }
  |
scons: Configure: "build/X86/gem5.build/scons_config/conftest_da935ab7a2c376c10f2ce1130ab88c51_1.o" is up to date.
scons: Configure: The original builder output was:
  |[m [     CXX] [33mX86/gem5.build/scons_config/conftest_da935ab7a2c376c10f2ce1130ab88c51_1[33m[1m.cc[34m[1m -> [33m[1m.o(B[m
  |
scons: Configure: "build/X86/gem5.build/scons_config/conftest_da935ab7a2c376c10f2ce1130ab88c51_1_edda7043ff88127f435c07331c1a1350" is up to date.
scons: Configure: The original builder output was:
  |[m [    LINK] [33m[33m[1m[34m[1m -> [33m[1mX86/gem5.build/scons_config/conftest_da935ab7a2c376c10f2ce1130ab88c51_1_edda7043ff88127f435c07331c1a1350[m
  |
scons: Configure: (cached) yes


file /home/andre/uni/gem5/gem5/site_scons/gem5_scons/configure.py,line 158:
	Configure(confdir = build/X86/gem5.build/scons_config)
scons: Configure: "build/X86/gem5.build/scons_config/conftest_00aead3e8ca21910d6e3fa70198d4d05" is up to date.
scons: Configure: The original builder output was:
  |

file /home/andre/uni/gem5/gem5/site_scons/gem5_scons/configure.py,line 158:
	Configure(confdir = build/X86/gem5.build/scons_config)
scons: Configure: Checking for C header file Python.h... 
scons: Configure: "build/X86/gem5.build/scons_config/conftest_6f79fff2b5fa95157216534d203df494_0.c" is up to date.
scons: Configure: The original builder output was:
  |build/X86/gem5.build/scons_config/conftest_6f79fff2b5fa95157216534d203df494_0.c <-
  |  |
  |  |#include <Python.h>
  |  |
  |  |
  |
scons: Configure: "build/X86/gem5.build/scons_config/conftest_6f79fff2b5fa95157216534d203df494_0_8c2d4efd07171fff31d2de142d498db6.o" is up to date.
scons: Configure: The original builder output was:
  |[m [      CC] [33mX86/gem5.build/scons_config/conftest_6f79fff2b5fa95157216534d203df494_0[33m[1m.c[34m[1m -> [33m[1m_8c2d4efd07171fff31d2de142d498db6.o(B[m
  |
scons: Configure: (cached) yes

scons: Configure: Checking Python version... 
scons: Configure: "build/X86/gem5.build/scons_config/conftest_2176b2d932a60acfa5b4079f6e5ab92b_0.cc" is up to date.
scons: Configure: The original builder output was:
  |build/X86/gem5.build/scons_config/conftest_2176b2d932a60acfa5b4079f6e5ab92b_0.cc <-
  |  |
  |  |#include <pybind11/embed.h>
  |  |
  |  |int
  |  |main(int argc, char **argv) {
  |  |    pybind11::scoped_interpreter guard{};
  |  |    pybind11::exec(
  |  |        "import sys\n"
  |  |        "vi = sys.version_info\n"
  |  |        "sys.stdout.write('%i.%i.%i' % (vi.major, vi.minor, vi.micro));\n");
  |  |    return 0;
  |  |}
  |  |    
  |
scons: Configure: "build/X86/gem5.build/scons_config/conftest_2176b2d932a60acfa5b4079f6e5ab92b_0.o" is up to date.
scons: Configure: The original builder output was:
  |[m [     CXX] [33mX86/gem5.build/scons_config/conftest_2176b2d932a60acfa5b4079f6e5ab92b_0[33m[1m.cc[34m[1m -> [33m[1m.o(B[m
  |
scons: Configure: "build/X86/gem5.build/scons_config/conftest_2176b2d932a60acfa5b4079f6e5ab92b_0_5e8856934904fa19cf7d442c708ee1ad" is up to date.
scons: Configure: The original builder output was:
  |[m [    LINK] [33m[33m[1m[34m[1m -> [33m[1mX86/gem5.build/scons_config/conftest_2176b2d932a60acfa5b4079f6e5ab92b_0_5e8856934904fa19cf7d442c708ee1ad[m
  |
scons: Configure: "build/X86/gem5.build/scons_config/conftest_2176b2d932a60acfa5b4079f6e5ab92b_0_5e8856934904fa19cf7d442c708ee1ad.out" is up to date.
scons: Configure: The original builder output was:
  |build/X86/gem5.build/scons_config/conftest_2176b2d932a60acfa5b4079f6e5ab92b_0_5e8856934904fa19cf7d442c708ee1ad > build/X86/gem5.build/scons_config/conftest_2176b2d932a60acfa5b4079f6e5ab92b_0_5e8856934904fa19cf7d442c708ee1ad.out
  |
scons: Configure: (cached) 3.10.6


file /home/andre/uni/gem5/gem5/site_scons/gem5_scons/configure.py,line 158:
	Configure(confdir = build/X86/gem5.build/scons_config)
scons: Configure: Checking for accept(0,0,0) in C++ library None... 
scons: Configure: "build/X86/gem5.build/scons_config/conftest_af8423c78aecfef602aceff7a3b40c1c_0.cpp" is up to date.
scons: Configure: The original builder output was:
  |build/X86/gem5.build/scons_config/conftest_af8423c78aecfef602aceff7a3b40c1c_0.cpp <-
  |  |
  |  |
  |  |#include "sys/socket.h"
  |  |
  |  |int
  |  |main() {
  |  |  accept(0,0,0);
  |  |return 0;
  |  |}
  |  |
  |
scons: Configure: "build/X86/gem5.build/scons_config/conftest_af8423c78aecfef602aceff7a3b40c1c_0.o" is up to date.
scons: Configure: The original builder output was:
  |[m [     CXX] [33mX86/gem5.build/scons_config/conftest_af8423c78aecfef602aceff7a3b40c1c_0[33m[1m.cpp[34m[1m -> [33m[1m.o(B[m
  |
scons: Configure: "build/X86/gem5.build/scons_config/conftest_af8423c78aecfef602aceff7a3b40c1c_0_f379171628bcf3cbf0ed602592329b57" is up to date.
scons: Configure: The original builder output was:
  |[m [    LINK] [33m[33m[1m[34m[1m -> [33m[1mX86/gem5.build/scons_config/conftest_af8423c78aecfef602aceff7a3b40c1c_0_f379171628bcf3cbf0ed602592329b57[m
  |
scons: Configure: (cached) yes

scons: Configure: Checking for zlibVersion() in C++ library z... 
scons: Configure: "build/X86/gem5.build/scons_config/conftest_127f08e7208dda7ee2cdf0b86065031e_0.cpp" is up to date.
scons: Configure: The original builder output was:
  |build/X86/gem5.build/scons_config/conftest_127f08e7208dda7ee2cdf0b86065031e_0.cpp <-
  |  |
  |  |
  |  |#include "zlib.h"
  |  |
  |  |int
  |  |main() {
  |  |  zlibVersion();
  |  |return 0;
  |  |}
  |  |
  |
scons: Configure: "build/X86/gem5.build/scons_config/conftest_127f08e7208dda7ee2cdf0b86065031e_0.o" is up to date.
scons: Configure: The original builder output was:
  |[m [     CXX] [33mX86/gem5.build/scons_config/conftest_127f08e7208dda7ee2cdf0b86065031e_0[33m[1m.cpp[34m[1m -> [33m[1m.o(B[m
  |
scons: Configure: "build/X86/gem5.build/scons_config/conftest_127f08e7208dda7ee2cdf0b86065031e_0_e1ffc715e023cc1c0079fa8dcf7c77a5" is up to date.
scons: Configure: The original builder output was:
  |[m [    LINK] [33m[33m[1m[34m[1m -> [33m[1mX86/gem5.build/scons_config/conftest_127f08e7208dda7ee2cdf0b86065031e_0_e1ffc715e023cc1c0079fa8dcf7c77a5[m
  |
scons: Configure: (cached) yes


file /home/andre/uni/gem5/gem5/site_scons/gem5_scons/configure.py,line 158:
	Configure(confdir = build/X86/gem5.build/scons_config)
scons: Configure: Checking for C library tcmalloc... 
scons: Configure: "build/X86/gem5.build/scons_config/conftest_df286a1d2f67e69d030b4eff75ca7e12_0.c" is up to date.
scons: Configure: The original builder output was:
  |build/X86/gem5.build/scons_config/conftest_df286a1d2f67e69d030b4eff75ca7e12_0.c <-
  |  |
  |  |
  |  |
  |  |int
  |  |main() {
  |  |  
  |  |return 0;
  |  |}
  |  |
  |
scons: Configure: "build/X86/gem5.build/scons_config/conftest_df286a1d2f67e69d030b4eff75ca7e12_0.o" is up to date.
scons: Configure: The original builder output was:
  |[m [      CC] [33mX86/gem5.build/scons_config/conftest_df286a1d2f67e69d030b4eff75ca7e12_0[33m[1m.c[34m[1m -> [33m[1m.o(B[m
  |
scons: Configure: "build/X86/gem5.build/scons_config/conftest_df286a1d2f67e69d030b4eff75ca7e12_0_2ca5557a0ee89206701d29393a9a8479" is up to date.
scons: Configure: The original builder output was:
  |[m [    LINK] [33m[33m[1m[34m[1m -> [33m[1mX86/gem5.build/scons_config/conftest_df286a1d2f67e69d030b4eff75ca7e12_0_2ca5557a0ee89206701d29393a9a8479[m
  |
scons: Configure: (cached) yes


file /home/andre/uni/gem5/gem5/site_scons/gem5_scons/configure.py,line 158:
	Configure(confdir = build/X86/gem5.build/scons_config)
scons: Configure: Checking for shm_open("/test", 0, 0) in C library None... 
scons: Configure: "build/X86/gem5.build/scons_config/conftest_e16879e797847a0d9ca4fafbdcae0c4c_0.c" is up to date.
scons: Configure: The original builder output was:
  |build/X86/gem5.build/scons_config/conftest_e16879e797847a0d9ca4fafbdcae0c4c_0.c <-
  |  |
  |  |
  |  |#include "sys/mman.h"
  |  |
  |  |int
  |  |main() {
  |  |  shm_open("/test", 0, 0);
  |  |return 0;
  |  |}
  |  |
  |
scons: Configure: "build/X86/gem5.build/scons_config/conftest_e16879e797847a0d9ca4fafbdcae0c4c_0.o" is up to date.
scons: Configure: The original builder output was:
  |[m [      CC] [33mX86/gem5.build/scons_config/conftest_e16879e797847a0d9ca4fafbdcae0c4c_0[33m[1m.c[34m[1m -> [33m[1m.o(B[m
  |
scons: Configure: "build/X86/gem5.build/scons_config/conftest_e16879e797847a0d9ca4fafbdcae0c4c_0_5e786d03533c6f9e3902a442f410b312" is up to date.
scons: Configure: The original builder output was:
  |[m [    LINK] [33m[33m[1m[34m[1m -> [33m[1mX86/gem5.build/scons_config/conftest_e16879e797847a0d9ca4fafbdcae0c4c_0_5e786d03533c6f9e3902a442f410b312[m
  |
scons: Configure: (cached) yes


file /home/andre/uni/gem5/gem5/site_scons/gem5_scons/configure.py,line 158:
	Configure(confdir = build/X86/gem5.build/scons_config)
scons: Configure: Checking for C header file linux/kvm.h... 
scons: Configure: "build/X86/gem5.build/scons_config/conftest_3d4db39b7cb946e659f69394900767da_0.c" is up to date.
scons: Configure: The original builder output was:
  |build/X86/gem5.build/scons_config/conftest_3d4db39b7cb946e659f69394900767da_0.c <-
  |  |
  |  |#include <linux/kvm.h>
  |  |
  |  |
  |
scons: Configure: "build/X86/gem5.build/scons_config/conftest_3d4db39b7cb946e659f69394900767da_0_c740e4f476d8ea583538e9fb2f47c3b9.o" is up to date.
scons: Configure: The original builder output was:
  |[m [      CC] [33mX86/gem5.build/scons_config/conftest_3d4db39b7cb946e659f69394900767da_0[33m[1m.c[34m[1m -> [33m[1m_c740e4f476d8ea583538e9fb2f47c3b9.o(B[m
  |
scons: Configure: (cached) yes

scons: Configure: Checking for timer_create(CLOCK_MONOTONIC, NULL, NULL) in C library None... 
scons: Configure: "build/X86/gem5.build/scons_config/conftest_52844ad72d03fb661a0391b3dd5b5418_0.c" is up to date.
scons: Configure: The original builder output was:
  |build/X86/gem5.build/scons_config/conftest_52844ad72d03fb661a0391b3dd5b5418_0.c <-
  |  |
  |  |
  |  |#include "time.h"
  |  |#include "signal.h"
  |  |
  |  |int
  |  |main() {
  |  |  timer_create(CLOCK_MONOTONIC, NULL, NULL);
  |  |return 0;
  |  |}
  |  |
  |
scons: Configure: "build/X86/gem5.build/scons_config/conftest_52844ad72d03fb661a0391b3dd5b5418_0.o" is up to date.
scons: Configure: The original builder output was:
  |[m [      CC] [33mX86/gem5.build/scons_config/conftest_52844ad72d03fb661a0391b3dd5b5418_0[33m[1m.c[34m[1m -> [33m[1m.o(B[m
  |
scons: Configure: "build/X86/gem5.build/scons_config/conftest_52844ad72d03fb661a0391b3dd5b5418_0_db8118a06589daf26effb12ca832f62d" is up to date.
scons: Configure: The original builder output was:
  |[m [    LINK] [33m[33m[1m[34m[1m -> [33m[1mX86/gem5.build/scons_config/conftest_52844ad72d03fb661a0391b3dd5b5418_0_db8118a06589daf26effb12ca832f62d[m
  |
scons: Configure: (cached) yes

scons: Configure: Checking size of struct kvm_xsave ... 
scons: Configure: "build/X86/gem5.build/scons_config/conftest_2839316246cd081d6a26d89ee110bbfb_0.c" is up to date.
scons: Configure: The original builder output was:
  |build/X86/gem5.build/scons_config/conftest_2839316246cd081d6a26d89ee110bbfb_0.c <-
  |  |#include <linux/kvm.h>
  |  |#include <stdlib.h>
  |  |#include <stdio.h>
  |  |int main(void) {
  |  |    printf("%d", (int)sizeof(struct kvm_xsave));
  |  |    return 0;
  |  |}
  |  |    
  |
scons: Configure: "build/X86/gem5.build/scons_config/conftest_2839316246cd081d6a26d89ee110bbfb_0.o" is up to date.
scons: Configure: The original builder output was:
  |[m [      CC] [33mX86/gem5.build/scons_config/conftest_2839316246cd081d6a26d89ee110bbfb_0[33m[1m.c[34m[1m -> [33m[1m.o(B[m
  |
scons: Configure: "build/X86/gem5.build/scons_config/conftest_2839316246cd081d6a26d89ee110bbfb_0_3decfab7ce8a5e86df94268c9eb7b535" is up to date.
scons: Configure: The original builder output was:
  |[m [    LINK] [33m[33m[1m[34m[1m -> [33m[1mX86/gem5.build/scons_config/conftest_2839316246cd081d6a26d89ee110bbfb_0_3decfab7ce8a5e86df94268c9eb7b535[m
  |
scons: Configure: "build/X86/gem5.build/scons_config/conftest_2839316246cd081d6a26d89ee110bbfb_0_3decfab7ce8a5e86df94268c9eb7b535.out" is up to date.
scons: Configure: The original builder output was:
  |build/X86/gem5.build/scons_config/conftest_2839316246cd081d6a26d89ee110bbfb_0_3decfab7ce8a5e86df94268c9eb7b535 > build/X86/gem5.build/scons_config/conftest_2839316246cd081d6a26d89ee110bbfb_0_3decfab7ce8a5e86df94268c9eb7b535.out
  |
scons: Configure: (cached) yes

scons: Configure: Checking for member exclude_host in struct perf_event_attr...
scons: Configure: "build/X86/gem5.build/scons_config/conftest_238ff365ce93d3042571511343a9ce78_0.cc" is up to date.
scons: Configure: The original builder output was:
  |build/X86/gem5.build/scons_config/conftest_238ff365ce93d3042571511343a9ce78_0.cc <-
  |  |
  |  |#include <linux/perf_event.h>
  |  |int main(){
  |  |  struct perf_event_attr test;
  |  |  (void)test.exclude_host;
  |  |  return 0;
  |  |};
  |  |
  |
scons: Configure: "build/X86/gem5.build/scons_config/conftest_238ff365ce93d3042571511343a9ce78_0_d4e91b7ea521f5bf724ff4f944b6d401.o" is up to date.
scons: Configure: The original builder output was:
  |[m [     CXX] [33mX86/gem5.build/scons_config/conftest_238ff365ce93d3042571511343a9ce78_0[33m[1m.cc[34m[1m -> [33m[1m_d4e91b7ea521f5bf724ff4f944b6d401.o(B[m
  |
scons: Configure: (cached) yes


file /home/andre/uni/gem5/gem5/site_scons/gem5_scons/configure.py,line 158:
	Configure(confdir = build/X86/gem5.build/scons_config)
scons: Configure: Checking for char temp; backtrace_symbols_fd((void *)&temp, 0, 0) in C library None... 
scons: Configure: "build/X86/gem5.build/scons_config/conftest_e36519c6d3d20baabf272ad43a32d8ff_0.c" is up to date.
scons: Configure: The original builder output was:
  |build/X86/gem5.build/scons_config/conftest_e36519c6d3d20baabf272ad43a32d8ff_0.c <-
  |  |
  |  |
  |  |#include "execinfo.h"
  |  |
  |  |int
  |  |main() {
  |  |  char temp; backtrace_symbols_fd((void *)&temp, 0, 0);
  |  |return 0;
  |  |}
  |  |
  |
scons: Configure: "build/X86/gem5.build/scons_config/conftest_e36519c6d3d20baabf272ad43a32d8ff_0.o" is up to date.
scons: Configure: The original builder output was:
  |[m [      CC] [33mX86/gem5.build/scons_config/conftest_e36519c6d3d20baabf272ad43a32d8ff_0[33m[1m.c[34m[1m -> [33m[1m.o(B[m
  |
scons: Configure: "build/X86/gem5.build/scons_config/conftest_e36519c6d3d20baabf272ad43a32d8ff_0_89e7ce4594e6294b866063fa7e7f8455" is up to date.
scons: Configure: The original builder output was:
  |[m [    LINK] [33m[33m[1m[34m[1m -> [33m[1mX86/gem5.build/scons_config/conftest_e36519c6d3d20baabf272ad43a32d8ff_0_89e7ce4594e6294b866063fa7e7f8455[m
  |
scons: Configure: (cached) yes


file /home/andre/uni/gem5/gem5/site_scons/gem5_scons/configure.py,line 158:
	Configure(confdir = build/X86/gem5.build/scons_config)
scons: Configure: Checking for C header file fenv.h... 
scons: Configure: "build/X86/gem5.build/scons_config/conftest_b63620e7908057d9c68909c7dea2f0c0_0.c" is up to date.
scons: Configure: The original builder output was:
  |build/X86/gem5.build/scons_config/conftest_b63620e7908057d9c68909c7dea2f0c0_0.c <-
  |  |
  |  |#include <fenv.h>
  |  |
  |  |
  |
scons: Configure: "build/X86/gem5.build/scons_config/conftest_b63620e7908057d9c68909c7dea2f0c0_0_68027298866ec19c10f40e60f8219434.o" is up to date.
scons: Configure: The original builder output was:
  |[m [      CC] [33mX86/gem5.build/scons_config/conftest_b63620e7908057d9c68909c7dea2f0c0_0[33m[1m.c[34m[1m -> [33m[1m_68027298866ec19c10f40e60f8219434.o(B[m
  |
scons: Configure: (cached) yes

scons: Configure: Checking for C header file png.h... 
scons: Configure: "build/X86/gem5.build/scons_config/conftest_6a115e90d1ef31132299ba5de9361ca4_0.c" is up to date.
scons: Configure: The original builder output was:
  |build/X86/gem5.build/scons_config/conftest_6a115e90d1ef31132299ba5de9361ca4_0.c <-
  |  |
  |  |#include <png.h>
  |  |
  |  |
  |
scons: Configure: Building "build/X86/gem5.build/scons_config/conftest_6a115e90d1ef31132299ba5de9361ca4_0_524ee1d45eb034e8a73e4cee9cbbb696.o" failed in a previous run and all its sources are up to date.
scons: Configure: The original builder output was:
  |[m [      CC] [33mX86/gem5.build/scons_config/conftest_6a115e90d1ef31132299ba5de9361ca4_0[33m[1m.c[34m[1m -> [33m[1m_524ee1d45eb034e8a73e4cee9cbbb696.o(B[m
  |
scons: Configure: (cached) no

scons: Configure: Checking for clock_nanosleep(0,0,NULL,NULL) in C library None... 
scons: Configure: "build/X86/gem5.build/scons_config/conftest_819d0186bc60125ca639270b0e90357e_0.c" is up to date.
scons: Configure: The original builder output was:
  |build/X86/gem5.build/scons_config/conftest_819d0186bc60125ca639270b0e90357e_0.c <-
  |  |
  |  |
  |  |#include "time.h"
  |  |
  |  |int
  |  |main() {
  |  |  clock_nanosleep(0,0,NULL,NULL);
  |  |return 0;
  |  |}
  |  |
  |
scons: Configure: "build/X86/gem5.build/scons_config/conftest_819d0186bc60125ca639270b0e90357e_0.o" is up to date.
scons: Configure: The original builder output was:
  |[m [      CC] [33mX86/gem5.build/scons_config/conftest_819d0186bc60125ca639270b0e90357e_0[33m[1m.c[34m[1m -> [33m[1m.o(B[m
  |
scons: Configure: "build/X86/gem5.build/scons_config/conftest_819d0186bc60125ca639270b0e90357e_0_6eb7b3568934baa84239c13b0cef58fa" is up to date.
scons: Configure: The original builder output was:
  |[m [    LINK] [33m[33m[1m[34m[1m -> [33m[1mX86/gem5.build/scons_config/conftest_819d0186bc60125ca639270b0e90357e_0_6eb7b3568934baa84239c13b0cef58fa[m
  |
scons: Configure: (cached) yes

scons: Configure: Checking for C header file valgrind/valgrind.h... 
scons: Configure: "build/X86/gem5.build/scons_config/conftest_fc44fbdd5cf1cbd0f4445fc96a17746b_0.c" is up to date.
scons: Configure: The original builder output was:
  |build/X86/gem5.build/scons_config/conftest_fc44fbdd5cf1cbd0f4445fc96a17746b_0.c <-
  |  |
  |  |#include "valgrind/valgrind.h"
  |  |
  |  |
  |
scons: Configure: Building "build/X86/gem5.build/scons_config/conftest_fc44fbdd5cf1cbd0f4445fc96a17746b_0_ea60f4bc210c9aa375f5e3ec77caf2f9.o" failed in a previous run and all its sources are up to date.
scons: Configure: The original builder output was:
  |[m [      CC] [33mX86/gem5.build/scons_config/conftest_fc44fbdd5cf1cbd0f4445fc96a17746b_0[33m[1m.c[34m[1m -> [33m[1m_ea60f4bc210c9aa375f5e3ec77caf2f9.o(B[m
  |
scons: Configure: (cached) no


file /home/andre/uni/gem5/gem5/site_scons/gem5_scons/configure.py,line 158:
	Configure(confdir = build/X86/gem5.build/scons_config)
scons: Configure: "build/X86/gem5.build/scons_config/conftest_76826d42b48bf7dcbdd4a5a6f80d7da9_0.cc" is up to date.
scons: Configure: The original builder output was:
  |build/X86/gem5.build/scons_config/conftest_76826d42b48bf7dcbdd4a5a6f80d7da9_0.cc <-
  |  |
  |  |        int main() {return 0;}
  |  |        namespace [[gnu::deprecated("Test namespace deprecation")]]
  |  |        test_deprecated_namespace {}
  |  |    
  |
scons: Configure: "build/X86/gem5.build/scons_config/conftest_76826d42b48bf7dcbdd4a5a6f80d7da9_0_f1e548600823d42d6442f14dc36ff53a.o" is up to date.
scons: Configure: The original builder output was:
  |[m [     CXX] [33mX86/gem5.build/scons_config/conftest_76826d42b48bf7dcbdd4a5a6f80d7da9_0[33m[1m.cc[34m[1m -> [33m[1m_f1e548600823d42d6442f14dc36ff53a.o(B[m
  |

file /home/andre/uni/gem5/gem5/site_scons/gem5_scons/configure.py,line 158:
	Configure(confdir = build/X86/gem5.build/scons_config)
scons: Configure: Checking for H5Fcreate("", 0, 0, 0) in C library hdf5... 
scons: Configure: "build/X86/gem5.build/scons_config/conftest_0ad74dca69d9d81623853ceb0deac13c_0.c" is up to date.
scons: Configure: The original builder output was:
  |build/X86/gem5.build/scons_config/conftest_0ad74dca69d9d81623853ceb0deac13c_0.c <-
  |  |
  |  |
  |  |#include "hdf5.h"
  |  |
  |  |int
  |  |main() {
  |  |  H5Fcreate("", 0, 0, 0);
  |  |return 0;
  |  |}
  |  |
  |
scons: Configure: Building "build/X86/gem5.build/scons_config/conftest_0ad74dca69d9d81623853ceb0deac13c_0.o" failed in a previous run and all its sources are up to date.
scons: Configure: The original builder output was:
  |[m [      CC] [33mX86/gem5.build/scons_config/conftest_0ad74dca69d9d81623853ceb0deac13c_0[33m[1m.c[34m[1m -> [33m[1m.o(B[m
  |
scons: Configure: (cached) no


file /home/andre/uni/gem5/gem5/site_scons/gem5_scons/configure.py,line 158:
	Configure(confdir = build/X86/gem5.build/scons_config)
scons: Configure: Checking for GOOGLE_PROTOBUF_VERIFY_VERSION in C++ library protobuf... 
scons: Configure: "build/X86/gem5.build/scons_config/conftest_7adb4f9694f1b71cf521a688c0754b92_0.cpp" is up to date.
scons: Configure: The original builder output was:
  |build/X86/gem5.build/scons_config/conftest_7adb4f9694f1b71cf521a688c0754b92_0.cpp <-
  |  |
  |  |
  |  |#include "google/protobuf/message.h"
  |  |
  |  |int
  |  |main() {
  |  |  GOOGLE_PROTOBUF_VERIFY_VERSION;
  |  |return 0;
  |  |}
  |  |
  |
scons: Configure: "build/X86/gem5.build/scons_config/conftest_7adb4f9694f1b71cf521a688c0754b92_0.o" is up to date.
scons: Configure: The original builder output was:
  |[m [     CXX] [33mX86/gem5.build/scons_config/conftest_7adb4f9694f1b71cf521a688c0754b92_0[33m[1m.cpp[34m[1m -> [33m[1m.o(B[m
  |
scons: Configure: "build/X86/gem5.build/scons_config/conftest_7adb4f9694f1b71cf521a688c0754b92_0_768696528fd4139349c772b2f53cc2c8" is up to date.
scons: Configure: The original builder output was:
  |[m [    LINK] [33m[33m[1m[34m[1m -> [33m[1mX86/gem5.build/scons_config/conftest_7adb4f9694f1b71cf521a688c0754b92_0_768696528fd4139349c772b2f53cc2c8[m
  |
scons: Configure: (cached) yes


file /home/andre/uni/gem5/gem5/site_scons/gem5_scons/configure.py,line 158:
	Configure(confdir = build/X86/gem5.build/scons_config)
scons: Configure: Checking for C header file linux/if_tun.h... 
scons: Configure: "build/X86/gem5.build/scons_config/conftest_479afe281e6dd1a87a0a74ae5e0195a7_0.c" is up to date.
scons: Configure: The original builder output was:
  |build/X86/gem5.build/scons_config/conftest_479afe281e6dd1a87a0a74ae5e0195a7_0.c <-
  |  |
  |  |#include <linux/if_tun.h>
  |  |
  |  |
  |
scons: Configure: "build/X86/gem5.build/scons_config/conftest_479afe281e6dd1a87a0a74ae5e0195a7_0_c7fc5201d03fc4d486b17abecb5be94c.o" is up to date.
scons: Configure: The original builder output was:
  |[m [      CC] [33mX86/gem5.build/scons_config/conftest_479afe281e6dd1a87a0a74ae5e0195a7_0[33m[1m.c[34m[1m -> [33m[1m_c7fc5201d03fc4d486b17abecb5be94c.o(B[m
  |
scons: Configure: (cached) yes


file /home/andre/uni/gem5/gem5/site_scons/gem5_scons/configure.py,line 158:
	Configure(confdir = build/X86/gem5.build/scons_config)
scons: Configure: Checking for compiler -Wno-self-assign-overloaded support... 
scons: Configure: "build/X86/gem5.build/scons_config/conftest_342d5457cbf4639ef3e0d4fb7b8ef89b_2.cc" is up to date.
scons: Configure: The original builder output was:
  |build/X86/gem5.build/scons_config/conftest_342d5457cbf4639ef3e0d4fb7b8ef89b_2.cc <-
  |  |// CheckCxxFlag DO NOTHING
  |
scons: Configure: "build/X86/gem5.build/scons_config/conftest_342d5457cbf4639ef3e0d4fb7b8ef89b_2_fa0f198b05a22dd97658019206e7506d.o" is up to date.
scons: Configure: The original builder output was:
  |[m [     CXX] [33mX86/gem5.build/scons_config/conftest_342d5457cbf4639ef3e0d4fb7b8ef89b_2[33m[1m.cc[34m[1m -> [33m[1m_fa0f198b05a22dd97658019206e7506d.o(B[m
  |
scons: Configure: (cached) yes


file /home/andre/uni/gem5/gem5/site_scons/gem5_scons/configure.py,line 158:
	Configure(confdir = build/X86/gem5.build/scons_config)
scons: Configure: Checking for compiler -Wno-free-nonheap-object support... 
scons: Configure: "build/X86/gem5.build/scons_config/conftest_342d5457cbf4639ef3e0d4fb7b8ef89b_3.cc" is up to date.
scons: Configure: The original builder output was:
  |build/X86/gem5.build/scons_config/conftest_342d5457cbf4639ef3e0d4fb7b8ef89b_3.cc <-
  |  |// CheckCxxFlag DO NOTHING
  |
scons: Configure: "build/X86/gem5.build/scons_config/conftest_342d5457cbf4639ef3e0d4fb7b8ef89b_3_ab395224ac5f5d383f1f13816cb0116a.o" is up to date.
scons: Configure: The original builder output was:
  |[m [     CXX] [33mX86/gem5.build/scons_config/conftest_342d5457cbf4639ef3e0d4fb7b8ef89b_3[33m[1m.cc[34m[1m -> [33m[1m_ab395224ac5f5d383f1f13816cb0116a.o(B[m
  |
scons: Configure: (cached) yes


